
> dashboard@0.1.0 dev
> next dev

▲ Next.js 16.2.3 (Turbopack)
- Local:         http://localhost:3000
- Network:       http://10.40.117.232:3000
- Environments: .env
✓ Ready in 337ms

 GET / 200 in 332ms (next.js: 178ms, application-code: 154ms)
 GET /admins 200 in 139ms (next.js: 64ms, application-code: 76ms)
[browser] Error: API Error
    at fetchWithAuth (src/lib/api.ts:19:11)
    at async loadAdmins (src/app/admins/page.tsx:27:20)
  17 |       // Handle logout/redirect if needed
  18 |     }
> 19 |     throw new Error('API Error');
     |           ^
  20 |   }
  21 |
  22 |   return response.json(); (src/app/admins/page.tsx:30:15)
[browser] Error: API Error
    at fetchWithAuth (src/lib/api.ts:19:11)
    at async loadAdmins (src/app/admins/page.tsx:27:20)
  17 |       // Handle logout/redirect if needed
  18 |     }
> 19 |     throw new Error('API Error');
     |           ^
  20 |   }
  21 |
  22 |   return response.json(); (src/app/admins/page.tsx:30:15)
 GET /dashboard 200 in 345ms (next.js: 43ms, application-code: 302ms)
[browser] Error: API Error
    at fetchWithAuth (src/lib/api.ts:19:11)
    at async DashboardPage.useEffect.load (src/app/dashboard/page.tsx:37:44)
  17 |       // Handle logout/redirect if needed
  18 |     }
> 19 |     throw new Error('API Error');
     |           ^
  20 |   }
  21 |
  22 |   return response.json(); (src/app/dashboard/page.tsx:46:17)
[browser] The width(-1) and height(-1) of chart should be greater than 0,
       please check the style of container, or the props width(100%) and height(100%),
       or add a minWidth(0) or minHeight(undefined) or use aspect(undefined) to control the
       height and width.
[browser] The width(-1) and height(-1) of chart should be greater than 0,
       please check the style of container, or the props width(100%) and height(100%),
       or add a minWidth(0) or minHeight(undefined) or use aspect(undefined) to control the
       height and width.
 GET /campaigns 200 in 196ms (next.js: 51ms, application-code: 145ms)
 GET /financials 200 in 317ms (next.js: 40ms, application-code: 277ms)
[browser] The width(-1) and height(-1) of chart should be greater than 0,
       please check the style of container, or the props width(100%) and height(100%),
       or add a minWidth(0) or minHeight(undefined) or use aspect(undefined) to control the
       height and width.
[browser] The width(-1) and height(-1) of chart should be greater than 0,
       please check the style of container, or the props width(100%) and height(100%),
       or add a minWidth(0) or minHeight(undefined) or use aspect(undefined) to control the
       height and width.
 GET /agents 200 in 196ms (next.js: 44ms, application-code: 152ms)
[browser] Uncaught ReferenceError: Activity is not defined
    at AgentsPage (src/app/agents/page.tsx:161:160)
  159 | ...
  160 | ...
> 161 | ... - 7 * 24 * 60 * 60 * 1000)).length, icon: Activity },
      |                                               ^
  162 | ...icon: Target },
  163 | ...
  164 | ... gap-4 hover:border-[#D1624E]/30 transition-all group">
 GET /qrs 200 in 196ms (next.js: 57ms, application-code: 139ms)
 GET /payouts 200 in 248ms (next.js: 80ms, application-code: 168ms)
[browser] Error: API Error
    at fetchWithAuth (src/lib/api.ts:19:11)
    at async loadData (src/app/payouts/page.tsx:28:27)
  17 |       // Handle logout/redirect if needed
  18 |     }
> 19 |     throw new Error('API Error');
     |           ^
  20 |   }
  21 |
  22 |   return response.json(); (src/app/payouts/page.tsx:34:27)
 GET /payouts 200 in 157ms (next.js: 59ms, application-code: 98ms)
 GET /payouts 200 in 63ms (next.js: 3ms, application-code: 60ms)
 GET /payouts 200 in 27ms (next.js: 3ms, application-code: 24ms)
 GET / 200 in 113ms (next.js: 24ms, application-code: 89ms)
 GET /admins 200 in 75ms (next.js: 29ms, application-code: 46ms)
 GET /dashboard 200 in 315ms (next.js: 31ms, application-code: 283ms)
[browser] Error: API Error
    at fetchWithAuth (src/lib/api.ts:19:11)
    at async DashboardPage.useEffect.load (src/app/dashboard/page.tsx:37:44)
  17 |       // Handle logout/redirect if needed
  18 |     }
> 19 |     throw new Error('API Error');
     |           ^
  20 |   }
  21 |
  22 |   return response.json(); (src/app/dashboard/page.tsx:46:17)
[browser] The width(-1) and height(-1) of chart should be greater than 0,
       please check the style of container, or the props width(100%) and height(100%),
       or add a minWidth(0) or minHeight(undefined) or use aspect(undefined) to control the
       height and width.
[browser] The width(-1) and height(-1) of chart should be greater than 0,
       please check the style of container, or the props width(100%) and height(100%),
       or add a minWidth(0) or minHeight(undefined) or use aspect(undefined) to control the
       height and width.
 GET /admins 200 in 141ms (next.js: 7ms, application-code: 134ms)
 GET /agents 200 in 149ms (next.js: 35ms, application-code: 114ms)
 GET /admins 200 in 66ms (next.js: 6ms, application-code: 61ms)
✓ Compiled in 26ms
 GET / 200 in 48ms (next.js: 1659µs, application-code: 46ms)
 GET /admins 200 in 35ms (next.js: 4ms, application-code: 31ms)
 GET /dashboard 200 in 39ms (next.js: 4ms, application-code: 36ms)
[browser] The width(-1) and height(-1) of chart should be greater than 0,
       please check the style of container, or the props width(100%) and height(100%),
       or add a minWidth(0) or minHeight(undefined) or use aspect(undefined) to control the
       height and width.
[browser] The width(-1) and height(-1) of chart should be greater than 0,
       please check the style of container, or the props width(100%) and height(100%),
       or add a minWidth(0) or minHeight(undefined) or use aspect(undefined) to control the
       height and width.
 GET /financials 200 in 72ms (next.js: 26ms, application-code: 47ms)
[browser] The width(-1) and height(-1) of chart should be greater than 0,
       please check the style of container, or the props width(100%) and height(100%),
       or add a minWidth(0) or minHeight(undefined) or use aspect(undefined) to control the
       height and width.
[browser] The width(-1) and height(-1) of chart should be greater than 0,
       please check the style of container, or the props width(100%) and height(100%),
       or add a minWidth(0) or minHeight(undefined) or use aspect(undefined) to control the
       height and width.
 GET /dashboard 200 in 75ms (next.js: 4ms, application-code: 71ms)
[browser] The width(-1) and height(-1) of chart should be greater than 0,
       please check the style of container, or the props width(100%) and height(100%),
       or add a minWidth(0) or minHeight(undefined) or use aspect(undefined) to control the
       height and width.
[browser] The width(-1) and height(-1) of chart should be greater than 0,
       please check the style of container, or the props width(100%) and height(100%),
       or add a minWidth(0) or minHeight(undefined) or use aspect(undefined) to control the
       height and width.
 GET /financials 200 in 41ms (next.js: 3ms, application-code: 38ms)
[browser] The width(-1) and height(-1) of chart should be greater than 0,
       please check the style of container, or the props width(100%) and height(100%),
       or add a minWidth(0) or minHeight(undefined) or use aspect(undefined) to control the
       height and width.
[browser] The width(-1) and height(-1) of chart should be greater than 0,
       please check the style of container, or the props width(100%) and height(100%),
       or add a minWidth(0) or minHeight(undefined) or use aspect(undefined) to control the
       height and width.
 GET /admins 200 in 41ms (next.js: 1532µs, application-code: 39ms)
 GET /financials 200 in 265ms (next.js: 4ms, application-code: 261ms)
[browser] The width(-1) and height(-1) of chart should be greater than 0,
       please check the style of container, or the props width(100%) and height(100%),
       or add a minWidth(0) or minHeight(undefined) or use aspect(undefined) to control the
       height and width.
[browser] The width(-1) and height(-1) of chart should be greater than 0,
       please check the style of container, or the props width(100%) and height(100%),
       or add a minWidth(0) or minHeight(undefined) or use aspect(undefined) to control the
       height and width.
 GET /agents 200 in 29ms (next.js: 4ms, application-code: 25ms)
 GET / 200 in 53ms (next.js: 3ms, application-code: 50ms)
 GET /admins 200 in 40ms (next.js: 3ms, application-code: 37ms)
 GET /dashboard 200 in 73ms (next.js: 6ms, application-code: 67ms)
[browser] The width(-1) and height(-1) of chart should be greater than 0,
       please check the style of container, or the props width(100%) and height(100%),
       or add a minWidth(0) or minHeight(undefined) or use aspect(undefined) to control the
       height and width.
[browser] The width(-1) and height(-1) of chart should be greater than 0,
       please check the style of container, or the props width(100%) and height(100%),
       or add a minWidth(0) or minHeight(undefined) or use aspect(undefined) to control the
       height and width.
 GET /admins 200 in 25ms (next.js: 2ms, application-code: 23ms)
 GET /dashboard 200 in 16ms (next.js: 1327µs, application-code: 14ms)
[browser] The width(-1) and height(-1) of chart should be greater than 0,
       please check the style of container, or the props width(100%) and height(100%),
       or add a minWidth(0) or minHeight(undefined) or use aspect(undefined) to control the
       height and width.
[browser] The width(-1) and height(-1) of chart should be greater than 0,
       please check the style of container, or the props width(100%) and height(100%),
       or add a minWidth(0) or minHeight(undefined) or use aspect(undefined) to control the
       height and width.
 GET /campaigns 200 in 120ms (next.js: 73ms, application-code: 47ms)
 GET /campaigns 200 in 27ms (next.js: 3ms, application-code: 25ms)
 GET /qrs 200 in 42ms (next.js: 24ms, application-code: 18ms)
 GET /agents 200 in 26ms (next.js: 9ms, application-code: 17ms)
 GET /payouts 200 in 23ms (next.js: 8ms, application-code: 16ms)
 GET /financials 200 in 22ms (next.js: 6ms, application-code: 16ms)
[browser] The width(-1) and height(-1) of chart should be greater than 0,
       please check the style of container, or the props width(100%) and height(100%),
       or add a minWidth(0) or minHeight(undefined) or use aspect(undefined) to control the
       height and width.
[browser] The width(-1) and height(-1) of chart should be greater than 0,
       please check the style of container, or the props width(100%) and height(100%),
       or add a minWidth(0) or minHeight(undefined) or use aspect(undefined) to control the
       height and width.
 GET /admins 200 in 21ms (next.js: 7ms, application-code: 14ms)
 GET /qrs 200 in 24ms (next.js: 7ms, application-code: 17ms)
 GET /agents 200 in 21ms (next.js: 7ms, application-code: 14ms)
 GET /payouts 200 in 24ms (next.js: 8ms, application-code: 16ms)
 GET /dashboard 200 in 23ms (next.js: 8ms, application-code: 15ms)
[browser] Error: API Error
    at fetchWithAuth (src/lib/api.ts:19:11)
    at async DashboardPage.useEffect.load (src/app/dashboard/page.tsx:37:44)
  17 |       // Handle logout/redirect if needed
  18 |     }
> 19 |     throw new Error('API Error');
     |           ^
  20 |   }
  21 |
  22 |   return response.json(); (src/app/dashboard/page.tsx:46:17)
[browser] The width(-1) and height(-1) of chart should be greater than 0,
       please check the style of container, or the props width(100%) and height(100%),
       or add a minWidth(0) or minHeight(undefined) or use aspect(undefined) to control the
       height and width.
[browser] The width(-1) and height(-1) of chart should be greater than 0,
       please check the style of container, or the props width(100%) and height(100%),
       or add a minWidth(0) or minHeight(undefined) or use aspect(undefined) to control the
       height and width.
[browser] Error: API Error
    at fetchWithAuth (src/lib/api.ts:19:11)
    at async DashboardPage.useEffect.load (src/app/dashboard/page.tsx:37:44)
  17 |       // Handle logout/redirect if needed
  18 |     }
> 19 |     throw new Error('API Error');
     |           ^
  20 |   }
  21 |
  22 |   return response.json(); (src/app/dashboard/page.tsx:46:17)
